%!Adobe-FontList 1.24
%Locale:0x409

%BeginFont
Handler:DirectoryHandler
FontType:TrueType
FontName:Athelas-Bold
FamilyName:Athelas
StyleName:Bold
FullName:Athelas Bold
MenuName:Athelas
StyleBits:2
WritingScript:Roman
OutlineFileName:D:\New folder\Dropbox\OnyxPath\StorypathNexus\ForApproval\ScionDemigodTemplates\Scion Ready Made Character Template_Demigod Folder\Document fonts\Athelas.ttc
TTCOffset:940
DataFormat:sfntData
hasSVG:no
hasCOLR:no
VariableFontType:NonVariableFont
FileLength:2325812
FileModTime:1643159289
WeightClass:700
WidthClass:5
AngleClass:0
NameArray:0,Mac,4,Athelas Bold
NameArray:0,Win,1,Athelas
NameArray:0,Win,16,Athelas
%EndFont

%BeginFont
Handler:DirectoryHandler
FontType:TrueType
FontName:Athelas-BoldItalic
FamilyName:Athelas
StyleName:Bold Italic
FullName:Athelas Bold Italic
MenuName:Athelas
StyleBits:3
WritingScript:Roman
OutlineFileName:D:\New folder\Dropbox\OnyxPath\StorypathNexus\ForApproval\ScionDemigodTemplates\Scion Ready Made Character Template_Demigod Folder\Document fonts\Athelas.ttc
TTCOffset:640
DataFormat:sfntData
hasSVG:no
hasCOLR:no
VariableFontType:NonVariableFont
FileLength:2325812
FileModTime:1643159289
WeightClass:700
WidthClass:5
AngleClass:1
NameArray:0,Mac,4,Athelas Bold Italic
NameArray:0,Win,1,Athelas
NameArray:0,Win,16,Athelas
%EndFont

%BeginFont
Handler:DirectoryHandler
FontType:TrueType
FontName:Athelas-Italic
FamilyName:Athelas
StyleName:Italic
FullName:Athelas Italic
MenuName:Athelas
StyleBits:1
WritingScript:Roman
OutlineFileName:D:\New folder\Dropbox\OnyxPath\StorypathNexus\ForApproval\ScionDemigodTemplates\Scion Ready Made Character Template_Demigod Folder\Document fonts\Athelas.ttc
TTCOffset:340
DataFormat:sfntData
hasSVG:no
hasCOLR:no
VariableFontType:NonVariableFont
FileLength:2325812
FileModTime:1643159289
WeightClass:400
WidthClass:5
AngleClass:1
NameArray:0,Mac,4,Athelas Italic
NameArray:0,Win,1,Athelas
NameArray:0,Win,16,Athelas
%EndFont

%BeginFont
Handler:DirectoryHandler
FontType:TrueType
FontName:Athelas-Regular
FamilyName:Athelas
StyleName:Regular
FullName:Athelas Regular
MenuName:Athelas
StyleBits:0
WritingScript:Roman
OutlineFileName:D:\New folder\Dropbox\OnyxPath\StorypathNexus\ForApproval\ScionDemigodTemplates\Scion Ready Made Character Template_Demigod Folder\Document fonts\Athelas.ttc
TTCOffset:40
DataFormat:sfntData
hasSVG:no
hasCOLR:no
VariableFontType:NonVariableFont
FileLength:2325812
FileModTime:1643159289
WeightClass:400
WidthClass:5
AngleClass:0
NameArray:0,Mac,4,Athelas Regular
NameArray:0,Win,1,Athelas
NameArray:0,Win,16,Athelas
%EndFont

%BeginFont
Handler:DirectoryHandler
FontType:TrueType
FontName:AlbertusMT
FamilyName:Albertus MT
StyleName:Regular
FullName:Albertus MT
MenuName:Albertus MT
StyleBits:0
WritingScript:Roman
OutlineFileName:D:\New folder\Dropbox\OnyxPath\StorypathNexus\ForApproval\ScionDemigodTemplates\Scion Ready Made Character Template_Demigod Folder\Document fonts\AlbertusMT.ttf
DataFormat:sfntData
hasSVG:no
hasCOLR:no
VariableFontType:NonVariableFont
FileLength:66420
FileModTime:1649261079
WeightClass:400
WidthClass:5
AngleClass:0
NameArray:0,Mac,4,Albertus MT
NameArray:0,Win,1,Albertus MT
%EndFont

%BeginFont
Handler:DirectoryHandler
FontType:TrueType
FontName:CrudFont
FamilyName:Crud
StyleName:Font
FullName:Crud Font
MenuName:Crud
StyleBits:0
WritingScript:Roman
OutlineFileName:D:\New folder\Dropbox\OnyxPath\StorypathNexus\ForApproval\ScionDemigodTemplates\Scion Ready Made Character Template_Demigod Folder\Document fonts\Crud Font.ttf
DataFormat:sfntData
hasSVG:no
hasCOLR:no
VariableFontType:NonVariableFont
FileLength:39124
FileModTime:1662779113
WeightClass:400
WidthClass:5
AngleClass:0
NameArray:0,Mac,4,Crud Font
NameArray:0,Win,1,Crud
%EndFont

%BeginFont
Handler:DirectoryHandler
FontType:TrueType
FontName:TimesNewRomanPSMT
FamilyName:Times New Roman
StyleName:Regular
FullName:Times New Roman
MenuName:Times New Roman
StyleBits:0
WritingScript:Roman
OutlineFileName:D:\New folder\Dropbox\OnyxPath\StorypathNexus\ForApproval\ScionDemigodTemplates\Scion Ready Made Character Template_Demigod Folder\Document fonts\times.ttf
DataFormat:sfntData
hasSVG:no
hasCOLR:no
VariableFontType:NonVariableFont
FileLength:1206884
FileModTime:1651900759
WeightClass:400
WidthClass:5
AngleClass:0
NameArray:0,Mac,4,Times New Roman
NameArray:0,Win,1,Times New Roman
%EndFont

%BeginFont
Handler:DirectoryHandler
FontType:TrueType
FontName:TimesNewRomanPS-BoldMT
FamilyName:Times New Roman
StyleName:Bold
FullName:Times New Roman Bold
MenuName:Times New Roman
StyleBits:2
WritingScript:Roman
OutlineFileName:D:\New folder\Dropbox\OnyxPath\StorypathNexus\ForApproval\ScionDemigodTemplates\Scion Ready Made Character Template_Demigod Folder\Document fonts\timesbd.ttf
DataFormat:sfntData
hasSVG:no
hasCOLR:no
VariableFontType:NonVariableFont
FileLength:1185876
FileModTime:1651900759
WeightClass:700
WidthClass:5
AngleClass:0
NameArray:0,Mac,4,Times New Roman Bold
NameArray:0,Win,1,Times New Roman
%EndFont

%BeginFont
Handler:DirectoryHandler
FontType:TrueType
FontName:TimesNewRomanPS-ItalicMT
FamilyName:Times New Roman
StyleName:Italic
FullName:Times New Roman Italic
MenuName:Times New Roman
StyleBits:1
WritingScript:Roman
OutlineFileName:D:\New folder\Dropbox\OnyxPath\StorypathNexus\ForApproval\ScionDemigodTemplates\Scion Ready Made Character Template_Demigod Folder\Document fonts\timesi.ttf
DataFormat:sfntData
hasSVG:no
hasCOLR:no
VariableFontType:NonVariableFont
FileLength:977892
FileModTime:1651900759
WeightClass:400
WidthClass:5
AngleClass:1
NameArray:0,Mac,4,Times New Roman Italic
NameArray:0,Win,1,Times New Roman
%EndFont

